{
  "stats": {
    "suites": 7,
    "tests": 9,
    "passes": 8,
    "pending": 0,
    "failures": 1,
    "start": "2023-02-13T11:31:36.531Z",
    "end": "2023-02-13T11:34:21.904Z",
    "duration": 165373,
    "testsRegistered": 9,
    "passPercent": 88.88888888888889,
    "pendingPercent": 0,
    "other": 0,
    "hasOther": false,
    "skipped": 0,
    "hasSkipped": false
  },
  "results": [
    {
      "uuid": "6f3468ee-1f75-47b1-aec6-edde1c2b5214",
      "title": "",
      "fullFile": "",
      "file": "",
      "beforeHooks": [],
      "afterHooks": [],
      "tests": [],
      "suites": [
        {
          "uuid": "67bcee5b-f052-45a3-a036-a61a65e89368",
          "title": "Login Page Availability Test",
          "fullFile": "/Users/sushmita/brenntag-automation-/tests/test_login_page.js",
          "file": "/tests/test_login_page.js",
          "beforeHooks": [
            {
              "title": "\"before each\" hook in \"Login Page Availability Test\"",
              "fullTitle": "Login Page Availability Test \"before each\" hook in \"Login Page Availability Test\"",
              "timedOut": false,
              "duration": 13271,
              "state": null,
              "speed": null,
              "pass": false,
              "fail": false,
              "pending": false,
              "context": null,
              "code": "driver = await new Builder().forBrowser(\"chrome\").build();",
              "err": {},
              "uuid": "100cedce-ef5c-45a7-9590-f84307781c67",
              "parentUUID": "67bcee5b-f052-45a3-a036-a61a65e89368",
              "isHook": true,
              "skipped": false
            }
          ],
          "afterHooks": [
            {
              "title": "\"after each\" hook in \"Login Page Availability Test\"",
              "fullTitle": "Login Page Availability Test \"after each\" hook in \"Login Page Availability Test\"",
              "timedOut": false,
              "duration": 53,
              "state": null,
              "speed": null,
              "pass": false,
              "fail": false,
              "pending": false,
              "context": null,
              "code": "await driver.quit();",
              "err": {},
              "uuid": "7b5997b5-dab9-4bbc-9fd9-a7a354968513",
              "parentUUID": "67bcee5b-f052-45a3-a036-a61a65e89368",
              "isHook": true,
              "skipped": false
            }
          ],
          "tests": [
            {
              "title": "should load the login page",
              "fullTitle": "Login Page Availability Test should load the login page",
              "timedOut": false,
              "duration": 7780,
              "state": "passed",
              "speed": "slow",
              "pass": true,
              "fail": false,
              "pending": false,
              "context": null,
              "code": "//loading login page\nawait driver.get(loginPageURL);\n//checking login page title\nconst loginPageTitle = await driver.getTitle();\nexpect(loginPageTitle).to.equal(config.exp_correct_login_title);",
              "err": {},
              "uuid": "80c00e94-78e2-44a0-9385-f0e402cfa6c6",
              "parentUUID": "67bcee5b-f052-45a3-a036-a61a65e89368",
              "isHook": false,
              "skipped": false
            }
          ],
          "suites": [],
          "passes": [
            "80c00e94-78e2-44a0-9385-f0e402cfa6c6"
          ],
          "failures": [],
          "pending": [],
          "skipped": [],
          "duration": 7780,
          "root": false,
          "rootEmpty": false,
          "_timeout": 30000
        },
        {
          "uuid": "8edbd546-f214-470d-ab1a-d8ae5e83df35",
          "title": "Login Page Availability Test",
          "fullFile": "/Users/sushmita/brenntag-automation-/tests/test_login_with_different_languages.js",
          "file": "/tests/test_login_with_different_languages.js",
          "beforeHooks": [
            {
              "title": "\"before each\" hook in \"Login Page Availability Test\"",
              "fullTitle": "Login Page Availability Test \"before each\" hook in \"Login Page Availability Test\"",
              "timedOut": false,
              "duration": 6117,
              "state": null,
              "speed": null,
              "pass": false,
              "fail": false,
              "pending": false,
              "context": null,
              "code": "driver = await new Builder().forBrowser(\"chrome\").build();\nawait driver.get(loginPageURL);",
              "err": {},
              "uuid": "5cc94b2e-9d45-4a2c-9694-3ca16518e486",
              "parentUUID": "8edbd546-f214-470d-ab1a-d8ae5e83df35",
              "isHook": true,
              "skipped": false
            }
          ],
          "afterHooks": [
            {
              "title": "\"after each\" hook in \"Login Page Availability Test\"",
              "fullTitle": "Login Page Availability Test \"after each\" hook in \"Login Page Availability Test\"",
              "timedOut": false,
              "duration": 52,
              "state": null,
              "speed": null,
              "pass": false,
              "fail": false,
              "pending": false,
              "context": null,
              "code": "await driver.quit();",
              "err": {},
              "uuid": "ccd4cc1b-6d01-4ec4-8359-3bf1aa31d131",
              "parentUUID": "8edbd546-f214-470d-ab1a-d8ae5e83df35",
              "isHook": true,
              "skipped": false
            }
          ],
          "tests": [
            {
              "title": "should dispaly login page in Vietnamese",
              "fullTitle": "Login Page Availability Test should dispaly login page in Vietnamese",
              "timedOut": false,
              "duration": 821,
              "state": "passed",
              "speed": "slow",
              "pass": true,
              "fail": false,
              "pending": false,
              "context": null,
              "code": "//finding the element with viet text\n        await driver.findElement(By.xpath(\"//a[text()='\" + vietText +\"']\")).click();\n        //waiting for element to load\n        await driver.wait(until.elementLocated(By.xpath(\"//*[@id='right-side']/div/div[1]/h3\")), 5000);\n        //checking language greetings\n        let greeting = await driver.findElement(By.xpath(\"//*[@id='right-side']/div/div[1]/h3\")).getText();\n        assert.equal(greeting, config.exp_viet_greeting);",
              "err": {},
              "uuid": "d9fa441a-d65b-46b1-b5bb-48465972a49d",
              "parentUUID": "8edbd546-f214-470d-ab1a-d8ae5e83df35",
              "isHook": false,
              "skipped": false
            },
            {
              "title": "should dispaly login page in Traditional Chinese (Hong Kong)",
              "fullTitle": "Login Page Availability Test should dispaly login page in Traditional Chinese (Hong Kong)",
              "timedOut": false,
              "duration": 859,
              "state": "passed",
              "speed": "slow",
              "pass": true,
              "fail": false,
              "pending": false,
              "context": null,
              "code": "await driver.findElement(By.xpath(\"//a[text()='\" + chineseText +\"']\")).click();\nawait driver.wait(until.elementLocated(By.xpath(\"//*[@id='right-side']/div/div[1]/h3\")), 5000);\nlet greeting = await driver.findElement(By.xpath(\"//*[@id='right-side']/div/div[1]/h3\")).getText();\nassert.equal(greeting, config.exp_chinese_greeting);",
              "err": {},
              "uuid": "4b2be8d0-13bc-403b-b440-cd68862b09aa",
              "parentUUID": "8edbd546-f214-470d-ab1a-d8ae5e83df35",
              "isHook": false,
              "skipped": false
            },
            {
              "title": "should dispaly login page in Thai",
              "fullTitle": "Login Page Availability Test should dispaly login page in Thai",
              "timedOut": false,
              "duration": 9469,
              "state": "passed",
              "speed": "slow",
              "pass": true,
              "fail": false,
              "pending": false,
              "context": null,
              "code": "await driver.findElement(By.xpath(\"//a[text()='\" + thaiText +\"']\")).click();\nawait driver.wait(until.elementLocated(By.xpath(\"//*[@id='right-side']/div/div[1]/h3\")), 5000);\nlet greeting = await driver.findElement(By.xpath(\"//*[@id='right-side']/div/div[1]/h3\")).getText();\nassert.equal(greeting, config.exp_thai_greeting);",
              "err": {},
              "uuid": "f2bd7195-a72f-49b5-8fdd-7a2c9588c3cd",
              "parentUUID": "8edbd546-f214-470d-ab1a-d8ae5e83df35",
              "isHook": false,
              "skipped": false
            }
          ],
          "suites": [],
          "passes": [
            "d9fa441a-d65b-46b1-b5bb-48465972a49d",
            "4b2be8d0-13bc-403b-b440-cd68862b09aa",
            "f2bd7195-a72f-49b5-8fdd-7a2c9588c3cd"
          ],
          "failures": [],
          "pending": [],
          "skipped": [],
          "duration": 11149,
          "root": false,
          "rootEmpty": false,
          "_timeout": 50000
        },
        {
          "uuid": "fb745979-fbc8-4119-917f-7fa4acc94273",
          "title": "Brenntag Login Test",
          "fullFile": "/Users/sushmita/brenntag-automation-/tests/test_login_failure.js",
          "file": "/tests/test_login_failure.js",
          "beforeHooks": [
            {
              "title": "\"before all\" hook in \"Brenntag Login Test\"",
              "fullTitle": "Brenntag Login Test \"before all\" hook in \"Brenntag Login Test\"",
              "timedOut": false,
              "duration": 14950,
              "state": null,
              "speed": null,
              "pass": false,
              "fail": false,
              "pending": false,
              "context": null,
              "code": "driver = await new Builder().forBrowser(\"chrome\").build();\nawait driver.get(config.url);",
              "err": {},
              "uuid": "bad63ac7-40dd-4a51-9eab-451aa8fb20b6",
              "parentUUID": "fb745979-fbc8-4119-917f-7fa4acc94273",
              "isHook": true,
              "skipped": false
            }
          ],
          "afterHooks": [
            {
              "title": "\"after all\" hook in \"Brenntag Login Test\"",
              "fullTitle": "Brenntag Login Test \"after all\" hook in \"Brenntag Login Test\"",
              "timedOut": false,
              "duration": 52,
              "state": null,
              "speed": null,
              "pass": false,
              "fail": false,
              "pending": false,
              "context": null,
              "code": "await driver.quit();",
              "err": {},
              "uuid": "c8fd7d64-ce5d-4250-8b58-ee104461cefd",
              "parentUUID": "fb745979-fbc8-4119-917f-7fa4acc94273",
              "isHook": true,
              "skipped": false
            }
          ],
          "tests": [
            {
              "title": "should fail to login on on entering invalid credentials",
              "fullTitle": "Brenntag Login Test should fail to login on on entering invalid credentials",
              "timedOut": false,
              "duration": 3034,
              "state": "passed",
              "speed": "slow",
              "pass": true,
              "fail": false,
              "pending": false,
              "context": null,
              "code": "// Locate the username and password fields and input the values from the config\n    await driver.findElement(By.id(\"username\")).sendKeys(config.username);\n    await driver.findElement(By.id(\"password\")).sendKeys(config.password);\n    // Locate the submit button and click on it\n    await driver.findElement(By.xpath(\"//button[@value='default']\")).click();\n    // Wait for the error message to appear\n    let errorMessage = await driver.wait(until.elementLocated(By.css(\"#error-element-password\")), 5000);\n    let errorMessageText = await errorMessage.getText();\n    assert.strictEqual(errorMessageText, config.exp_login_failure_result);\n    // Take a screenshot of the error message\n    await driver.takeScreenshot().then(function(data) {\n    fs.writeFileSync(\"error_screenshot.png\", data, \"base64\");\n    });",
              "err": {},
              "uuid": "ddf6f2c2-08d4-474e-815e-1d083fd43c29",
              "parentUUID": "fb745979-fbc8-4119-917f-7fa4acc94273",
              "isHook": false,
              "skipped": false
            }
          ],
          "suites": [],
          "passes": [
            "ddf6f2c2-08d4-474e-815e-1d083fd43c29"
          ],
          "failures": [],
          "pending": [],
          "skipped": [],
          "duration": 3034,
          "root": false,
          "rootEmpty": false,
          "_timeout": 30000
        },
        {
          "uuid": "fa631a82-3eb0-4748-8746-a2aec823e359",
          "title": "Password Reset Test",
          "fullFile": "/Users/sushmita/brenntag-automation-/tests/test_password_reset.js",
          "file": "/tests/test_password_reset.js",
          "beforeHooks": [
            {
              "title": "\"before each\" hook in \"Password Reset Test\"",
              "fullTitle": "Password Reset Test \"before each\" hook in \"Password Reset Test\"",
              "timedOut": false,
              "duration": 7019,
              "state": null,
              "speed": null,
              "pass": false,
              "fail": false,
              "pending": false,
              "context": null,
              "code": "driver = await new Builder().forBrowser(\"chrome\").build();\nawait driver.get(loginPageURL);",
              "err": {},
              "uuid": "a28d84e1-e90e-4013-bda7-de703e7969f2",
              "parentUUID": "fa631a82-3eb0-4748-8746-a2aec823e359",
              "isHook": true,
              "skipped": false
            }
          ],
          "afterHooks": [
            {
              "title": "\"after each\" hook in \"Password Reset Test\"",
              "fullTitle": "Password Reset Test \"after each\" hook in \"Password Reset Test\"",
              "timedOut": false,
              "duration": 52,
              "state": null,
              "speed": null,
              "pass": false,
              "fail": false,
              "pending": false,
              "context": null,
              "code": "await driver.quit();",
              "err": {},
              "uuid": "05fe70e5-4196-43ee-846f-3c3670a8b52c",
              "parentUUID": "fa631a82-3eb0-4748-8746-a2aec823e359",
              "isHook": true,
              "skipped": false
            }
          ],
          "tests": [
            {
              "title": "should send instructions to reset password",
              "fullTitle": "Password Reset Test should send instructions to reset password",
              "timedOut": false,
              "duration": 11595,
              "state": "passed",
              "speed": "slow",
              "pass": true,
              "fail": false,
              "pending": false,
              "context": null,
              "code": "await driver.findElement(By.css(\"p.c57e100a6.cdd0fccde a.c23626b08.cb8256979.cae524cbf\")).click();\n//waiting to navigate to next page\nawait driver.wait(until.elementLocated(By.id(\"email\")), 10000);\nawait driver.findElement(By.id(\"email\")).sendKeys(username);\nawait driver.findElement(By.xpath(\"//button[@value='default']\")).click();\n//waiting till required element is located \nawait driver.wait(until.elementLocated(By.css(\"h1.cd2c7af91.c1d267ff3\")), 10000);\n// get the \"Check Your Email\" element text\nconst checkEmailText = await driver.findElement(By.css(\"h1.cd2c7af91.c1d267ff3\")).getText();\n// assert that the \"Check Your Email\" element is displayed with the correct text\nexpect(checkEmailText).to.equal(\"Check Your Email\");",
              "err": {},
              "uuid": "5891c1e5-2cae-4876-a7c1-8d7b0a460e5b",
              "parentUUID": "fa631a82-3eb0-4748-8746-a2aec823e359",
              "isHook": false,
              "skipped": false
            }
          ],
          "suites": [],
          "passes": [
            "5891c1e5-2cae-4876-a7c1-8d7b0a460e5b"
          ],
          "failures": [],
          "pending": [],
          "skipped": [],
          "duration": 11595,
          "root": false,
          "rootEmpty": false,
          "_timeout": 30000
        },
        {
          "uuid": "62ceb406-528a-4990-a29f-2f914f69a7da",
          "title": "Track Load Time of a Page",
          "fullFile": "/Users/sushmita/brenntag-automation-/tests/test_load_time.js",
          "file": "/tests/test_load_time.js",
          "beforeHooks": [
            {
              "title": "\"before all\" hook in \"Track Load Time of a Page\"",
              "fullTitle": "Track Load Time of a Page \"before all\" hook in \"Track Load Time of a Page\"",
              "timedOut": false,
              "duration": 4575,
              "state": null,
              "speed": null,
              "pass": false,
              "fail": false,
              "pending": false,
              "context": null,
              "code": "driver = await new Builder().forBrowser(\"chrome\").build();",
              "err": {},
              "uuid": "5f018935-a510-46f3-bd4a-98250064c87b",
              "parentUUID": "62ceb406-528a-4990-a29f-2f914f69a7da",
              "isHook": true,
              "skipped": false
            }
          ],
          "afterHooks": [
            {
              "title": "\"after all\" hook in \"Track Load Time of a Page\"",
              "fullTitle": "Track Load Time of a Page \"after all\" hook in \"Track Load Time of a Page\"",
              "timedOut": false,
              "duration": 52,
              "state": null,
              "speed": null,
              "pass": false,
              "fail": false,
              "pending": false,
              "context": null,
              "code": "await driver.quit();",
              "err": {},
              "uuid": "dfb93688-fe9b-4eeb-a060-82483ce703bc",
              "parentUUID": "62ceb406-528a-4990-a29f-2f914f69a7da",
              "isHook": true,
              "skipped": false
            }
          ],
          "tests": [
            {
              "title": "should track load time of a page",
              "fullTitle": "Track Load Time of a Page should track load time of a page",
              "timedOut": false,
              "duration": 9475,
              "state": "passed",
              "speed": "slow",
              "pass": true,
              "fail": false,
              "pending": false,
              "context": null,
              "code": "let startTime = new Date().getTime();\nawait driver.get(config.url);\nawait driver.wait(until.titleIs(\"Login | Brenntag Connect\"), 1000);\nlet endTime = new Date().getTime();\nlet loadTime = endTime - startTime;\nexpect(loadTime).lessThanOrEqual(30000);",
              "err": {},
              "uuid": "1f7325d9-94a5-4486-9f37-3a559662c690",
              "parentUUID": "62ceb406-528a-4990-a29f-2f914f69a7da",
              "isHook": false,
              "skipped": false
            }
          ],
          "suites": [],
          "passes": [
            "1f7325d9-94a5-4486-9f37-3a559662c690"
          ],
          "failures": [],
          "pending": [],
          "skipped": [],
          "duration": 9475,
          "root": false,
          "rootEmpty": false,
          "_timeout": 30000
        },
        {
          "uuid": "9928dbd0-2212-457a-9a9b-fa9bca08a427",
          "title": "Navigate to incorrect URL",
          "fullFile": "/Users/sushmita/brenntag-automation-/tests/test_incorrect_url.js",
          "file": "/tests/test_incorrect_url.js",
          "beforeHooks": [
            {
              "title": "\"before all\" hook in \"Navigate to incorrect URL\"",
              "fullTitle": "Navigate to incorrect URL \"before all\" hook in \"Navigate to incorrect URL\"",
              "timedOut": false,
              "duration": 4514,
              "state": null,
              "speed": null,
              "pass": false,
              "fail": false,
              "pending": false,
              "context": null,
              "code": "driver = await new Builder().forBrowser('chrome').build();",
              "err": {},
              "uuid": "85ead863-6845-431f-8ff2-e5024621269f",
              "parentUUID": "9928dbd0-2212-457a-9a9b-fa9bca08a427",
              "isHook": true,
              "skipped": false
            }
          ],
          "afterHooks": [
            {
              "title": "\"after all\" hook in \"Navigate to incorrect URL\"",
              "fullTitle": "Navigate to incorrect URL \"after all\" hook in \"Navigate to incorrect URL\"",
              "timedOut": false,
              "duration": 53,
              "state": null,
              "speed": null,
              "pass": false,
              "fail": false,
              "pending": false,
              "context": null,
              "code": "await driver.quit();",
              "err": {},
              "uuid": "b388cecb-91f4-4ef2-bb35-b35bc680fd8c",
              "parentUUID": "9928dbd0-2212-457a-9a9b-fa9bca08a427",
              "isHook": true,
              "skipped": false
            }
          ],
          "tests": [
            {
              "title": "should throw an error",
              "fullTitle": "Navigate to incorrect URL should throw an error",
              "timedOut": false,
              "duration": 1188,
              "state": "passed",
              "speed": "slow",
              "pass": true,
              "fail": false,
              "pending": false,
              "context": null,
              "code": "try {\n  await driver.get(config.incorrect_url);\n} catch (error) {\n  assert.notEqual(error.message, '', 'Expected an error to be thrown');\n}",
              "err": {},
              "uuid": "2a79d117-1301-466f-b603-c80768ff794a",
              "parentUUID": "9928dbd0-2212-457a-9a9b-fa9bca08a427",
              "isHook": false,
              "skipped": false
            }
          ],
          "suites": [],
          "passes": [
            "2a79d117-1301-466f-b603-c80768ff794a"
          ],
          "failures": [],
          "pending": [],
          "skipped": [],
          "duration": 1188,
          "root": false,
          "rootEmpty": false,
          "_timeout": 30000
        },
        {
          "uuid": "a6e825dd-ab87-4851-9f4e-8bce9c3e4b89",
          "title": "Sign Up Page Navigation test",
          "fullFile": "/Users/sushmita/brenntag-automation-/tests/test_sign_up_page_navigation.js",
          "file": "/tests/test_sign_up_page_navigation.js",
          "beforeHooks": [
            {
              "title": "\"before each\" hook in \"Sign Up Page Navigation test\"",
              "fullTitle": "Sign Up Page Navigation test \"before each\" hook in \"Sign Up Page Navigation test\"",
              "timedOut": false,
              "duration": 6139,
              "state": null,
              "speed": null,
              "pass": false,
              "fail": false,
              "pending": false,
              "context": null,
              "code": "driver = await new Builder().forBrowser(\"chrome\").build();\nawait driver.get(loginPageURL);",
              "err": {},
              "uuid": "b688569a-1eae-402a-b09a-33fda9a6f955",
              "parentUUID": "a6e825dd-ab87-4851-9f4e-8bce9c3e4b89",
              "isHook": true,
              "skipped": false
            }
          ],
          "afterHooks": [
            {
              "title": "\"after each\" hook in \"Sign Up Page Navigation test\"",
              "fullTitle": "Sign Up Page Navigation test \"after each\" hook in \"Sign Up Page Navigation test\"",
              "timedOut": false,
              "duration": 780,
              "state": null,
              "speed": null,
              "pass": false,
              "fail": false,
              "pending": false,
              "context": null,
              "code": "await driver.quit();",
              "err": {},
              "uuid": "3a2cb193-8e54-4d9b-85b3-99815e1c50d7",
              "parentUUID": "a6e825dd-ab87-4851-9f4e-8bce9c3e4b89",
              "isHook": true,
              "skipped": false
            }
          ],
          "tests": [
            {
              "title": "should navigate to sign up page",
              "fullTitle": "Sign Up Page Navigation test should navigate to sign up page",
              "timedOut": true,
              "duration": 30004,
              "state": "failed",
              "speed": null,
              "pass": false,
              "fail": true,
              "pending": false,
              "context": null,
              "code": "// click on the Sign Up Request button\n    await driver.findElement(By.className(\"sign-up\")).findElement(By.tagName(\"a\")).click();\n\n    // select India from the country dropdown\n    await driver.wait(until.elementLocated(By.className(\"select-placeholder\")), 5000).click();\n    await driver.wait(until.elementLocated(By.xpath(\"//*[text()='\" + config.sign_up_country + \"']\")), 5000).click();\n\n    // click on the Request for sign up button\n    await driver.wait(until.elementLocated(By.className(\"button\")), 5000).click();\n\n    // wait for the sign up page to load\n    let url = await driver.getCurrentUrl();\n\n    // assert that the user has been navigated to the sign up page\n    assert.equal(url, config.exp_sign_up_result);",
              "err": {
                "message": "Error: Timeout of 30000ms exceeded. For async tests and hooks, ensure \"done()\" is called; if returning a Promise, ensure it resolves. (/Users/sushmita/brenntag-automation-/tests/test_sign_up_page_navigation.js)",
                "estack": "Error: Timeout of 30000ms exceeded. For async tests and hooks, ensure \"done()\" is called; if returning a Promise, ensure it resolves. (/Users/sushmita/brenntag-automation-/tests/test_sign_up_page_navigation.js)\n    at listOnTimeout (node:internal/timers:568:17)\n    at process.processTimers (node:internal/timers:511:7)",
                "diff": null
              },
              "uuid": "bdc1dee1-7d1b-43f9-9b3c-f74797995cf6",
              "parentUUID": "a6e825dd-ab87-4851-9f4e-8bce9c3e4b89",
              "isHook": false,
              "skipped": false
            }
          ],
          "suites": [],
          "passes": [],
          "failures": [
            "bdc1dee1-7d1b-43f9-9b3c-f74797995cf6"
          ],
          "pending": [],
          "skipped": [],
          "duration": 30004,
          "root": false,
          "rootEmpty": false,
          "_timeout": 30000
        }
      ],
      "passes": [],
      "failures": [],
      "pending": [],
      "skipped": [],
      "duration": 0,
      "root": true,
      "rootEmpty": true,
      "_timeout": 2000
    }
  ],
  "meta": {
    "mocha": {
      "version": "10.2.0"
    },
    "mochawesome": {
      "options": {
        "quiet": false,
        "reportFilename": "mochawesome",
        "saveHtml": true,
        "saveJson": true,
        "consoleReporter": "spec",
        "useInlineDiffs": false,
        "code": true
      },
      "version": "7.1.3"
    },
    "marge": {
      "options": {
        "reportDir": "reports",
        "reportName": "TestReport",
        "reportTitle": "Test Report for e2e test"
      },
      "version": "6.2.0"
    }
  }
}