{
  "stats": {
    "suites": 3,
    "tests": 5,
    "passes": 5,
    "pending": 0,
    "failures": 0,
    "start": "2023-02-07T12:41:46.196Z",
    "end": "2023-02-07T12:43:26.917Z",
    "duration": 100721,
    "testsRegistered": 5,
    "passPercent": 100,
    "pendingPercent": 0,
    "other": 0,
    "hasOther": false,
    "skipped": 0,
    "hasSkipped": false
  },
  "results": [
    {
      "uuid": "731ac719-8fce-4b9a-9552-8fba16315501",
      "title": "",
      "fullFile": "",
      "file": "",
      "beforeHooks": [],
      "afterHooks": [],
      "tests": [],
      "suites": [
        {
          "uuid": "c91c66ab-7517-4014-8f19-2193a57fd056",
          "title": "Login Page Availability Test",
          "fullFile": "/Users/sushmita/brenntag-automation-/tests/test_login_page.js",
          "file": "/tests/test_login_page.js",
          "beforeHooks": [
            {
              "title": "\"before each\" hook in \"Login Page Availability Test\"",
              "fullTitle": "Login Page Availability Test \"before each\" hook in \"Login Page Availability Test\"",
              "timedOut": false,
              "duration": 6839,
              "state": null,
              "speed": null,
              "pass": false,
              "fail": false,
              "pending": false,
              "context": null,
              "code": "driver = await new Builder().forBrowser(\"chrome\").build();",
              "err": {},
              "uuid": "a4d8cf08-672a-4536-995a-2cb7e89778c6",
              "parentUUID": "c91c66ab-7517-4014-8f19-2193a57fd056",
              "isHook": true,
              "skipped": false
            }
          ],
          "afterHooks": [
            {
              "title": "\"after each\" hook in \"Login Page Availability Test\"",
              "fullTitle": "Login Page Availability Test \"after each\" hook in \"Login Page Availability Test\"",
              "timedOut": false,
              "duration": 53,
              "state": null,
              "speed": null,
              "pass": false,
              "fail": false,
              "pending": false,
              "context": null,
              "code": "await driver.quit();",
              "err": {},
              "uuid": "f5ca8615-d8fc-435f-b96a-e74a886ca55c",
              "parentUUID": "c91c66ab-7517-4014-8f19-2193a57fd056",
              "isHook": true,
              "skipped": false
            }
          ],
          "tests": [
            {
              "title": "should load the login page",
              "fullTitle": "Login Page Availability Test should load the login page",
              "timedOut": false,
              "duration": 5902,
              "state": "passed",
              "speed": "slow",
              "pass": true,
              "fail": false,
              "pending": false,
              "context": null,
              "code": "await driver.get(loginPageURL);\nconst loginPageTitle = await driver.getTitle();\nexpect(loginPageTitle).to.equal(\"Login | Brenntag Connect\");",
              "err": {},
              "uuid": "eb209627-0707-4161-998d-0140efcccc8e",
              "parentUUID": "c91c66ab-7517-4014-8f19-2193a57fd056",
              "isHook": false,
              "skipped": false
            }
          ],
          "suites": [],
          "passes": [
            "eb209627-0707-4161-998d-0140efcccc8e"
          ],
          "failures": [],
          "pending": [],
          "skipped": [],
          "duration": 5902,
          "root": false,
          "rootEmpty": false,
          "_timeout": 30000
        },
        {
          "uuid": "07f503bd-ac12-495f-9862-08906b5b0bb2",
          "title": "Login Page Availability Test",
          "fullFile": "/Users/sushmita/brenntag-automation-/tests/test_login_with_different_languages.js",
          "file": "/tests/test_login_with_different_languages.js",
          "beforeHooks": [
            {
              "title": "\"before each\" hook in \"Login Page Availability Test\"",
              "fullTitle": "Login Page Availability Test \"before each\" hook in \"Login Page Availability Test\"",
              "timedOut": false,
              "duration": 6590,
              "state": null,
              "speed": null,
              "pass": false,
              "fail": false,
              "pending": false,
              "context": null,
              "code": "driver = await new Builder().forBrowser(\"chrome\").build();\nawait driver.get(loginPageURL);",
              "err": {},
              "uuid": "10e6ba5c-b26b-4d84-8cc7-4621a6a3008c",
              "parentUUID": "07f503bd-ac12-495f-9862-08906b5b0bb2",
              "isHook": true,
              "skipped": false
            }
          ],
          "afterHooks": [
            {
              "title": "\"after each\" hook in \"Login Page Availability Test\"",
              "fullTitle": "Login Page Availability Test \"after each\" hook in \"Login Page Availability Test\"",
              "timedOut": false,
              "duration": 52,
              "state": null,
              "speed": null,
              "pass": false,
              "fail": false,
              "pending": false,
              "context": null,
              "code": "await driver.quit();",
              "err": {},
              "uuid": "ef5413db-37fd-45e9-bfc3-1ca4f1ba6670",
              "parentUUID": "07f503bd-ac12-495f-9862-08906b5b0bb2",
              "isHook": true,
              "skipped": false
            }
          ],
          "tests": [
            {
              "title": "should dispaly login page in Vietnamese",
              "fullTitle": "Login Page Availability Test should dispaly login page in Vietnamese",
              "timedOut": false,
              "duration": 606,
              "state": "passed",
              "speed": "slow",
              "pass": true,
              "fail": false,
              "pending": false,
              "context": null,
              "code": "await driver.findElement(By.xpath(\"//a[text()='\" + vietText +\"']\")).click();\n        await driver.wait(until.elementLocated(By.xpath(\"//*[@id='right-side']/div/div[1]/h3\")), 5000);\n        let greeting = await driver.findElement(By.xpath(\"//*[@id='right-side']/div/div[1]/h3\")).getText();\n        assert.equal(greeting, \"Chào mừng bạn đến với Brenntag Connect!\");",
              "err": {},
              "uuid": "e1aecc9b-e383-4be8-9d37-446f4da61cc1",
              "parentUUID": "07f503bd-ac12-495f-9862-08906b5b0bb2",
              "isHook": false,
              "skipped": false
            },
            {
              "title": "should dispaly login page in Vietnamese in Traditional Chinese (Hong Kong)",
              "fullTitle": "Login Page Availability Test should dispaly login page in Vietnamese in Traditional Chinese (Hong Kong)",
              "timedOut": false,
              "duration": 870,
              "state": "passed",
              "speed": "slow",
              "pass": true,
              "fail": false,
              "pending": false,
              "context": null,
              "code": "await driver.findElement(By.xpath(\"//a[text()='\" + chineseText +\"']\")).click();\nawait driver.wait(until.elementLocated(By.xpath(\"//*[@id='right-side']/div/div[1]/h3\")), 5000);\nlet greeting = await driver.findElement(By.xpath(\"//*[@id='right-side']/div/div[1]/h3\")).getText();\nassert.equal(greeting, \"歡迎使用Brenntag Connect！\");",
              "err": {},
              "uuid": "3a2af3e1-c7f1-4863-9040-0398c641763b",
              "parentUUID": "07f503bd-ac12-495f-9862-08906b5b0bb2",
              "isHook": false,
              "skipped": false
            },
            {
              "title": "should dispaly login page in Vietnamese in Thai",
              "fullTitle": "Login Page Availability Test should dispaly login page in Vietnamese in Thai",
              "timedOut": false,
              "duration": 11948,
              "state": "passed",
              "speed": "slow",
              "pass": true,
              "fail": false,
              "pending": false,
              "context": null,
              "code": "await driver.findElement(By.xpath(\"//a[text()='\" + thaiText +\"']\")).click();\nawait driver.wait(until.elementLocated(By.xpath(\"//*[@id='right-side']/div/div[1]/h3\")), 5000);\nlet greeting = await driver.findElement(By.xpath(\"//*[@id='right-side']/div/div[1]/h3\")).getText();\nassert.equal(greeting, \"ยินดีต้อนรับสู่ Brenntag Connect!\");",
              "err": {},
              "uuid": "0a22b8f1-8647-4b59-9b56-c556c6fea4a9",
              "parentUUID": "07f503bd-ac12-495f-9862-08906b5b0bb2",
              "isHook": false,
              "skipped": false
            }
          ],
          "suites": [],
          "passes": [
            "e1aecc9b-e383-4be8-9d37-446f4da61cc1",
            "3a2af3e1-c7f1-4863-9040-0398c641763b",
            "0a22b8f1-8647-4b59-9b56-c556c6fea4a9"
          ],
          "failures": [],
          "pending": [],
          "skipped": [],
          "duration": 13424,
          "root": false,
          "rootEmpty": false,
          "_timeout": 30000
        },
        {
          "uuid": "8c5314ab-4ed7-494f-b906-d8386dce13c8",
          "title": "Brenntag Login Test",
          "fullFile": "/Users/sushmita/brenntag-automation-/tests/test_login_failure.js",
          "file": "/tests/test_login_failure.js",
          "beforeHooks": [
            {
              "title": "\"before all\" hook in \"Brenntag Login Test\"",
              "fullTitle": "Brenntag Login Test \"before all\" hook in \"Brenntag Login Test\"",
              "timedOut": false,
              "duration": 27839,
              "state": null,
              "speed": null,
              "pass": false,
              "fail": false,
              "pending": false,
              "context": null,
              "code": "driver = await new Builder().forBrowser(\"chrome\").build();\nawait driver.get(config.url);",
              "err": {},
              "uuid": "a84d6eec-c222-4bb9-92cd-728fa2a58e94",
              "parentUUID": "8c5314ab-4ed7-494f-b906-d8386dce13c8",
              "isHook": true,
              "skipped": false
            }
          ],
          "afterHooks": [
            {
              "title": "\"after all\" hook in \"Brenntag Login Test\"",
              "fullTitle": "Brenntag Login Test \"after all\" hook in \"Brenntag Login Test\"",
              "timedOut": false,
              "duration": 51,
              "state": null,
              "speed": null,
              "pass": false,
              "fail": false,
              "pending": false,
              "context": null,
              "code": "await driver.quit();",
              "err": {},
              "uuid": "7d61bc31-3911-4b69-bbe1-d5d9572cf727",
              "parentUUID": "8c5314ab-4ed7-494f-b906-d8386dce13c8",
              "isHook": true,
              "skipped": false
            }
          ],
          "tests": [
            {
              "title": "should fail to login on on entering invalid credentials",
              "fullTitle": "Brenntag Login Test should fail to login on on entering invalid credentials",
              "timedOut": false,
              "duration": 5072,
              "state": "passed",
              "speed": "slow",
              "pass": true,
              "fail": false,
              "pending": false,
              "context": null,
              "code": "// Locate the username and password fields and input the values from the config\n    await driver.findElement(By.id(\"username\")).sendKeys(config.username);\n    await driver.findElement(By.id(\"password\")).sendKeys(config.password);\n    // Locate the submit button and click on it\n    await driver.findElement(By.xpath(\"//button[@value='default']\")).click();\n    // Wait for the error message to appear\n    let errorMessage = await driver.wait(until.elementLocated(By.css(\"#error-element-password\")), 5000);\n    let errorMessageText = await errorMessage.getText();\n    assert.strictEqual(errorMessageText, \"Wrong email or password\");\n    // Take a screenshot of the error message\n    await driver.takeScreenshot().then(function(data) {\n    fs.writeFileSync(\"error_screenshot.png\", data, \"base64\");\n    });",
              "err": {},
              "uuid": "df01de2f-60c0-48db-96ec-c1e8fc011a7c",
              "parentUUID": "8c5314ab-4ed7-494f-b906-d8386dce13c8",
              "isHook": false,
              "skipped": false
            }
          ],
          "suites": [],
          "passes": [
            "df01de2f-60c0-48db-96ec-c1e8fc011a7c"
          ],
          "failures": [],
          "pending": [],
          "skipped": [],
          "duration": 5072,
          "root": false,
          "rootEmpty": false,
          "_timeout": 30000
        }
      ],
      "passes": [],
      "failures": [],
      "pending": [],
      "skipped": [],
      "duration": 0,
      "root": true,
      "rootEmpty": true,
      "_timeout": 2000
    }
  ],
  "meta": {
    "mocha": {
      "version": "10.2.0"
    },
    "mochawesome": {
      "options": {
        "quiet": false,
        "reportFilename": "mochawesome",
        "saveHtml": true,
        "saveJson": true,
        "consoleReporter": "spec",
        "useInlineDiffs": false,
        "code": true
      },
      "version": "7.1.3"
    },
    "marge": {
      "options": {
        "reportDir": "reports",
        "reportName": "TestReport",
        "reportTitle": "Test Report for e2e test"
      },
      "version": "6.2.0"
    }
  }
}